<?xml version="1.0" encoding="UTF-8"?>
<!-- Generated by org.testng.reporters.JUnitXMLReporter -->
<testsuite ignored="0" hostname="LTIN509568" failures="0" tests="3" name="Test1" time="62.637" errors="0" timestamp="2024-11-06T01:23:09 IST">
  <testcase classname="testCases.TC_001_ListOfCarWashingServices" name="topFiveCarWashingCenter" time="13.867"/>
  <testcase classname="testCases.TC_002_ListWithInvalidDataAndRetriveErrorMsg" name="errorMsgForInvalidData" time="8.54"/>
  <testcase classname="testCases.TC_003_RetriveAllGymServicesFilters" name="retriveFilters" time="7.957"/>
</testsuite> <!-- Test1 -->
