<?xml version="1.0" encoding="UTF-8"?>
<!-- Generated by org.testng.reporters.JUnitXMLReporter -->
<testsuite ignored="0" hostname="LTIN509568" failures="0" tests="3" name="Test1" time="62.627" errors="0" timestamp="2024-11-07T15:57:26 IST">
  <testcase classname="testCases.TC_001_ListOfCarWashingServices" name="topFiveCarWashingCenter" time="15.763"/>
  <testcase classname="testCases.TC_002_ListWithInvalidDataAndRetriveErrorMsg" name="errorMsgForInvalidData" time="10.376"/>
  <testcase classname="testCases.TC_003_RetriveAllGymServicesFilters" name="retriveFilters" time="10.09"/>
</testsuite> <!-- Test1 -->
